2025-11-15 02:00:06, MOVE, v:1, k:poo@array, mode:PICK
2025-11-15 02:00:08, MOVE, v:1, k:poo@array, mode:BACK
2025-11-15 02:00:20, SELF, v:1, k:poo@array, rate:100, iagen:gpt, alone:4, study:180
2025-11-15 02:00:43, MOVE, v:1, k:poo@cinema, mode:PICK
2025-11-15 02:00:45, EXEC, v:1, k:poo@cinema, mode:FULL, rate:33
2025-11-15 02:16:52, MOVE, v:1, k:poo@cinema, mode:BACK
2025-11-15 02:16:55, MOVE, v:1, k:poo@cinema, mode:PICK
2025-11-15 02:16:56, EXEC, v:1, k:poo@cinema, mode:FULL, rate:0, size:54
2025-11-15 02:16:57, MOVE, v:1, k:poo@cinema, mode:BACK
2025-11-15 02:16:59, MOVE, v:1, k:poo@cinema, mode:PICK
2025-11-15 02:16:59, EXEC, v:1, k:poo@cinema, mode:FULL, rate:0
2025-11-15 02:19:25, EXEC, v:1, k:poo@cinema, mode:FULL, rate:33, size:55
2025-11-15 02:32:33, EXEC, v:1, k:poo@cinema, mode:FULL, rate:33, size:60
2025-11-15 02:35:39, EXEC, v:1, k:poo@cinema, mode:FULL, rate:33, size:63
2025-11-15 02:36:05, EXEC, v:1, k:poo@cinema, mode:FULL, rate:33, size:63
2025-11-15 02:37:03, EXEC, v:1, k:poo@cinema, mode:FULL, rate:33, size:63
2025-11-15 02:37:14, EXEC, v:1, k:poo@cinema, mode:FULL, rate:33, size:63
2025-11-15 02:37:53, EXEC, v:1, k:poo@cinema, mode:FULL, rate:33, size:63
2025-11-15 02:38:35, EXEC, v:1, k:poo@cinema, mode:FULL, rate:33, size:63
2025-11-15 02:38:36, EXEC, v:1, k:poo@cinema, mode:FULL, rate:33
2025-11-15 03:04:39, EXEC, v:1, k:poo@cinema, mode:FULL, rate:33, size:63
2025-11-15 03:04:42, EXEC, v:1, k:poo@cinema, mode:FULL, rate:33
2025-11-15 03:05:03, EXEC, v:1, k:poo@cinema, mode:FULL, rate:33, size:63
2025-11-15 03:05:19, EXEC, v:1, k:poo@cinema, mode:FULL, rate:33, size:63
2025-11-15 03:07:05, EXEC, v:1, k:poo@cinema, mode:FULL, rate:33, size:63
2025-11-15 03:07:12, EXEC, v:1, k:poo@cinema, mode:FULL, rate:33
2025-11-15 03:07:33, EXEC, v:1, k:poo@cinema, mode:FULL, rate:33, size:63
2025-11-15 03:08:33, EXEC, v:1, k:poo@cinema, mode:FULL, rate:33, size:63
2025-11-15 03:09:07, EXEC, v:1, k:poo@cinema, mode:FULL, rate:33
2025-11-15 03:11:00, EXEC, v:1, k:poo@cinema, mode:FULL, rate:33, size:63
2025-11-15 03:11:12, EXEC, v:1, k:poo@cinema, mode:FULL, rate:33, size:63
2025-11-15 03:13:14, EXEC, v:1, k:poo@cinema, mode:FULL, rate:33, size:63
2025-11-15 03:14:01, EXEC, v:1, k:poo@cinema, mode:FULL, rate:33, size:63
2025-11-15 03:15:09, EXEC, v:1, k:poo@cinema, mode:FULL, rate:0, size:63
2025-11-15 03:16:14, MOVE, v:1, k:poo@cinema, mode:PICK
2025-11-15 03:16:38, EXEC, v:1, k:poo@cinema, mode:FULL, rate:33, size:63
2025-11-15 03:16:43, EXEC, v:1, k:poo@cinema, mode:FREE
2025-11-15 03:17:39, EXEC, v:1, k:poo@cinema, mode:FULL, rate:0, size:63
2025-11-15 03:17:49, EXEC, v:1, k:poo@cinema, mode:FULL, rate:33, size:63
2025-11-15 03:17:53, MOVE, v:1, k:poo@cinema, mode:BACK
2025-11-15 03:17:56, MOVE, v:1, k:poo@cinema, mode:PICK
2025-11-15 03:17:57, EXEC, v:1, k:poo@cinema, mode:FULL, rate:33
2025-11-15 03:17:58, MOVE, v:1, k:poo@cinema, mode:BACK
2025-11-15 03:18:13, MOVE, v:1, k:poo@cinema, mode:PICK
2025-11-15 03:18:13, EXEC, v:1, k:poo@cinema, mode:FULL, rate:33
2025-11-15 03:20:40, MOVE, v:1, k:poo@cinema, mode:PICK
2025-11-15 03:21:00, EXEC, v:1, k:poo@cinema, mode:FULL, rate:33
2025-11-15 03:24:07, EXEC, v:1, k:poo@cinema, mode:FULL, rate:33
2025-11-15 03:24:51, EXEC, v:1, k:poo@cinema, mode:FULL, rate:44, size:63
2025-11-15 03:26:03, EXEC, v:1, k:poo@cinema, mode:FULL, rate:33, size:63
2025-11-15 03:26:19, EXEC, v:1, k:poo@cinema, mode:FULL, rate:44, size:63
2025-11-15 03:27:16, EXEC, v:1, k:poo@cinema, mode:FULL, rate:33, size:63
2025-11-15 03:27:48, EXEC, v:1, k:poo@cinema, mode:FULL, rate:33, size:63
2025-11-15 03:29:00, EXEC, v:1, k:poo@cinema, mode:FULL, rate:33
2025-11-15 03:31:27, EXEC, v:1, k:poo@cinema, mode:FULL, rate:0, size:64
2025-11-15 03:31:35, EXEC, v:1, k:poo@cinema, mode:FULL, rate:33, size:64
2025-11-15 03:32:34, EXEC, v:1, k:poo@cinema, mode:FULL, rate:33, size:64
2025-11-15 03:33:39, EXEC, v:1, k:poo@cinema, mode:FULL, rate:33, size:64
2025-11-15 03:33:51, EXEC, v:1, k:poo@cinema, mode:FULL, rate:33, size:64
2025-11-15 03:35:27, EXEC, v:1, k:poo@cinema, mode:FREE, size:64
2025-11-15 03:35:48, EXEC, v:1, k:poo@cinema, mode:FREE
2025-11-15 03:36:23, MOVE, v:1, k:poo@cinema, mode:PICK
2025-11-15 03:36:26, EXEC, v:1, k:poo@cinema, mode:FULL, rate:33
2025-11-15 03:36:27, MOVE, v:1, k:poo@cinema, mode:PICK
2025-11-15 03:36:28, EXEC, v:1, k:poo@cinema, mode:FULL, rate:33
2025-11-15 03:37:55, EXEC, v:1, k:poo@cinema, mode:FULL, rate:33, size:64
2025-11-15 03:38:21, EXEC, v:1, k:poo@cinema, mode:FULL, rate:11, size:64
2025-11-15 03:38:31, EXEC, v:1, k:poo@cinema, mode:FULL, rate:33, size:64
2025-11-15 03:38:35, EXEC, v:1, k:poo@cinema, mode:FULL, rate:33
2025-11-15 03:38:36, EXEC, v:1, k:poo@cinema, mode:FULL, rate:33
2025-11-15 03:38:58, EXEC, v:1, k:poo@cinema, mode:FULL, rate:0, size:64
2025-11-15 03:39:04, EXEC, v:1, k:poo@cinema, mode:FULL, rate:33, size:64
2025-11-15 03:39:06, EXEC, v:1, k:poo@cinema, mode:FULL, rate:33
2025-11-15 03:40:09, EXEC, v:1, k:poo@cinema, mode:FULL, rate:33, size:64
2025-11-15 03:40:47, EXEC, v:1, k:poo@cinema, mode:FULL, rate:33, size:64
2025-11-15 03:41:12, EXEC, v:1, k:poo@cinema, mode:FULL, rate:33, size:63
2025-11-15 03:42:01, EXEC, v:1, k:poo@cinema, mode:FULL, rate:33, size:64
2025-11-15 03:42:45, EXEC, v:1, k:poo@cinema, mode:FULL, rate:33
2025-11-15 03:43:06, EXEC, v:1, k:poo@cinema, mode:FULL, rate:33, size:64
2025-11-15 03:43:24, EXEC, v:1, k:poo@cinema, mode:FULL, rate:33
2025-11-15 03:44:36, EXEC, v:1, k:poo@cinema, mode:FULL, rate:44, size:65
2025-11-15 03:44:53, EXEC, v:1, k:poo@cinema, mode:FULL, rate:44
2025-11-15 03:45:17, EXEC, v:1, k:poo@cinema, mode:FULL, rate:44
2025-11-15 03:45:23, MOVE, v:1, k:poo@cinema, mode:BACK
2025-11-15 03:45:36, MOVE, v:1, k:poo@cinema, mode:PICK
2025-11-15 03:45:37, EXEC, v:1, k:poo@cinema, mode:FULL, rate:44
2025-11-15 03:46:17, EXEC, v:1, k:poo@cinema, mode:FULL, rate:44, size:65
2025-11-15 03:46:42, EXEC, v:1, k:poo@cinema, mode:FULL, rate:33, size:65
2025-11-15 03:46:53, EXEC, v:1, k:poo@cinema, mode:FULL, rate:44, size:65
2025-11-15 03:50:02, EXEC, v:1, k:poo@cinema, mode:FULL, rate:44, size:65
2025-11-15 03:50:19, EXEC, v:1, k:poo@cinema, mode:FULL, rate:44, size:65
2025-11-15 03:51:21, EXEC, v:1, k:poo@cinema, mode:FULL, rate:44, size:65
2025-11-15 03:51:29, EXEC, v:1, k:poo@cinema, mode:FULL, rate:44, size:65
2025-11-15 03:54:30, EXEC, v:1, k:poo@cinema, mode:FULL, rate:55, size:65
2025-11-15 03:58:29, EXEC, v:1, k:poo@cinema, mode:FULL, rate:55, size:66
2025-11-15 03:58:48, EXEC, v:1, k:poo@cinema, mode:FULL, rate:33, size:66
2025-11-15 03:59:25, EXEC, v:1, k:poo@cinema, mode:FULL, rate:33, size:66
2025-11-15 04:01:22, EXEC, v:1, k:poo@cinema, mode:FULL, rate:33, size:66
2025-11-15 04:08:09, EXEC, v:1, k:poo@cinema, mode:FULL, rate:66, size:66
2025-11-15 04:08:36, MOVE, v:1, k:poo@cinema, mode:PICK
2025-11-15 04:08:38, EXEC, v:1, k:poo@cinema, mode:FULL, rate:66
2025-11-15 04:12:45, EXEC, v:1, k:poo@cinema, mode:FULL, rate:66, size:67
2025-11-15 04:19:21, EXEC, v:1, k:poo@cinema, mode:FULL, rate:77, size:70
2025-11-15 04:19:25, EXEC, v:1, k:poo@cinema, mode:FULL, rate:77, size:70
2025-11-15 04:19:38, MOVE, v:1, k:poo@cinema, mode:BACK
2025-11-15 04:19:52, MOVE, v:1, k:poo@cinema, mode:PICK
2025-11-15 04:19:53, EXEC, v:1, k:poo@cinema, mode:FULL, rate:77
2025-11-15 04:25:20, EXEC, v:1, k:poo@cinema, mode:FULL, rate:77, size:72
2025-11-15 04:33:46, EXEC, v:1, k:poo@cinema, mode:FULL, rate:0, size:72
2025-11-15 04:33:47, MOVE, v:1, k:poo@cinema, mode:BACK
2025-11-15 04:34:57, MOVE, v:1, k:poo@cinema, mode:PICK
2025-11-15 04:34:58, EXEC, v:1, k:poo@cinema, mode:FULL, rate:0
2025-11-15 04:35:00, EXEC, v:1, k:poo@cinema, mode:FULL, rate:0
2025-11-15 05:05:09, EXEC, v:1, k:poo@cinema, mode:FULL, rate:88, size:77
2025-11-15 05:05:46, EXEC, v:1, k:poo@cinema, mode:FULL, rate:100, size:77
2025-11-15 05:08:02, MOVE, v:1, k:poo@cinema, mode:BACK
2025-11-15 05:10:13, SELF, v:1, k:poo@cinema, rate:100, human:namorado, alone:8, study:250
2025-11-15 05:14:22, MOVE, v:1, k:poo@cinema, mode:PICK
2025-11-15 05:14:23, EXEC, v:1, k:poo@cinema, mode:FULL, rate:100
