2025-11-06 02:39:39, MOVE, v:1, k:poo@budega, mode:PICK
2025-11-06 02:39:41, EXEC, v:1, k:poo@budega, mode:FULL, rate:0, size:74
2025-11-06 02:43:37, MOVE, v:1, k:poo@budega, mode:BACK
2025-11-06 02:43:50, MOVE, v:1, k:poo@budega, mode:PICK
2025-11-06 02:43:51, EXEC, v:1, k:poo@budega, mode:FULL, rate:0, size:75
2025-11-06 02:43:52, EXEC, v:1, k:poo@budega, mode:FULL, rate:0
2025-11-06 02:44:01, EXEC, v:1, k:poo@budega, mode:FULL, rate:0, size:75
2025-11-06 02:49:52, EXEC, v:1, k:poo@budega, mode:FULL, rate:0, size:74
2025-11-06 02:50:40, EXEC, v:1, k:poo@budega, mode:FULL, rate:0, size:75
2025-11-06 02:51:55, EXEC, v:1, k:poo@budega, mode:FULL, rate:0, size:75
2025-11-06 03:24:50, EXEC, v:1, k:poo@budega, mode:FULL, rate:0, size:78
2025-11-06 03:32:06, EXEC, v:1, k:poo@budega, mode:FULL, rate:0, size:78
2025-11-06 03:32:26, EXEC, v:1, k:poo@budega, mode:FULL, rate:0
2025-11-06 03:35:34, EXEC, v:1, k:poo@budega, mode:FULL, rate:0, size:77
2025-11-06 03:36:03, EXEC, v:1, k:poo@budega, mode:FULL, rate:0, size:77
2025-11-06 03:36:43, EXEC, v:1, k:poo@budega, mode:FULL, rate:0, size:77
2025-11-06 03:37:02, EXEC, v:1, k:poo@budega, mode:FULL, rate:10, size:77
2025-11-06 03:42:23, EXEC, v:1, k:poo@budega, mode:FULL, rate:10, size:79
2025-11-06 03:43:50, EXEC, v:1, k:poo@budega, mode:FULL, rate:10, size:79
2025-11-06 03:46:12, EXEC, v:1, k:poo@budega, mode:FULL, rate:10
2025-11-06 03:47:21, EXEC, v:1, k:poo@budega, mode:FULL, rate:10
2025-11-06 03:47:23, EXEC, v:1, k:poo@budega, mode:FULL, rate:10
2025-11-06 03:53:16, MOVE, v:1, k:poo@budega, mode:PICK
2025-11-06 03:53:18, EXEC, v:1, k:poo@budega, mode:FULL, rate:10, size:79
2025-11-06 03:56:04, EXEC, v:1, k:poo@budega, mode:FULL, rate:10, size:79
2025-11-06 03:58:38, EXEC, v:1, k:poo@budega, mode:FULL, rate:10, size:79
2025-11-06 04:00:52, EXEC, v:1, k:poo@budega, mode:FULL, rate:10, size:79
2025-11-06 04:01:06, EXEC, v:1, k:poo@budega, mode:FULL, rate:30, size:79
2025-11-06 04:02:26, EXEC, v:1, k:poo@budega, mode:FULL, rate:20, size:81
2025-11-06 04:07:20, EXEC, v:1, k:poo@budega, mode:FULL, rate:40, size:82
2025-11-06 04:08:49, EXEC, v:1, k:poo@budega, mode:FULL, rate:50, size:85
2025-11-06 04:09:11, EXEC, v:1, k:poo@budega, mode:FULL, rate:70, size:85
2025-11-06 04:09:31, EXEC, v:1, k:poo@budega, mode:FULL, rate:90, size:85
2025-11-06 04:10:05, EXEC, v:1, k:poo@budega, mode:FULL, rate:90, size:85
2025-11-06 04:10:19, EXEC, v:1, k:poo@budega, mode:FULL, rate:100, size:85
2025-11-06 04:13:15, EXEC, v:1, k:poo@budega, mode:FULL, rate:100, size:83
2025-11-06 04:13:16, MOVE, v:1, k:poo@budega, mode:BACK
2025-11-06 04:15:42, SELF, v:1, k:poo@budega, rate:100, guide:aula, alone:4, study:120
