2025-11-14 02:03:11, MOVE, v:1, k:poo@array, mode:PICK
2025-11-14 02:03:12, EXEC, v:1, k:poo@array, mode:LOCK, rate:0
2025-11-14 02:03:23, MOVE, v:1, k:poo@array, mode:BACK
2025-11-14 02:04:22, MOVE, v:1, k:poo@array, mode:PICK
2025-11-14 02:04:22, EXEC, v:1, k:poo@array, mode:LOCK, rate:0, size:15
2025-11-14 02:04:24, EXEC, v:1, k:poo@array, mode:LOCK, rate:0
2025-11-14 02:04:30, EXEC, v:1, k:poo@array, mode:LOCK, rate:100, size:15
2025-11-14 02:04:55, EXEC, v:1, k:poo@array, mode:LOCK, rate:100
2025-11-14 02:04:56, EXEC, v:1, k:poo@array, mode:LOCK, rate:100
2025-11-14 02:08:36, EXEC, v:1, k:poo@array, mode:LOCK, rate:100, size:13
2025-11-14 02:09:09, EXEC, v:1, k:poo@array, mode:LOCK, rate:0, size:15
2025-11-14 02:10:00, EXEC, v:1, k:poo@array, mode:LOCK, rate:0, size:16
2025-11-14 02:10:02, EXEC, v:1, k:poo@array, mode:LOCK, rate:0
2025-11-14 02:10:28, EXEC, v:1, k:poo@array, mode:LOCK, rate:0, size:5
2025-11-14 02:10:35, EXEC, v:1, k:poo@array, mode:LOCK, rate:0, size:5
2025-11-14 02:10:36, EXEC, v:1, k:poo@array, mode:LOCK, rate:0
2025-11-14 02:11:46, EXEC, v:1, k:poo@array, mode:LOCK, rate:0, size:5
2025-11-14 02:11:51, EXEC, v:1, k:poo@array, mode:LOCK, rate:0
2025-11-14 02:12:04, EXEC, v:1, k:poo@array, mode:LOCK, rate:0
2025-11-14 02:12:07, EXEC, v:1, k:poo@array, mode:LOCK, rate:0, size:5
2025-11-14 02:12:07, EXEC, v:1, k:poo@array, mode:LOCK, rate:0, size:5
2025-11-14 02:14:14, EXEC, v:1, k:poo@array, mode:LOCK, rate:0, size:5
2025-11-14 02:14:17, EXEC, v:1, k:poo@array, mode:LOCK, rate:0
2025-11-14 02:14:36, EXEC, v:1, k:poo@array, mode:LOCK, rate:0, size:5
2025-11-14 02:15:12, EXEC, v:1, k:poo@array, mode:LOCK, rate:0
2025-11-14 02:15:13, EXEC, v:1, k:poo@array, mode:LOCK, rate:0
2025-11-14 02:15:14, EXEC, v:1, k:poo@array, mode:LOCK, rate:0
2025-11-14 02:15:18, EXEC, v:1, k:poo@array, mode:LOCK, rate:0
2025-11-14 02:15:18, EXEC, v:1, k:poo@array, mode:LOCK, rate:0
2025-11-14 02:15:53, EXEC, v:1, k:poo@array, mode:LOCK, rate:0, size:5
2025-11-14 02:15:55, EXEC, v:1, k:poo@array, mode:LOCK, rate:0
2025-11-14 02:16:13, EXEC, v:1, k:poo@array, mode:LOCK, rate:0, size:5
2025-11-14 02:16:15, EXEC, v:1, k:poo@array, mode:LOCK, rate:0, size:5
2025-11-14 02:16:18, EXEC, v:1, k:poo@array, mode:LOCK, rate:0
2025-11-14 02:16:23, EXEC, v:1, k:poo@array, mode:LOCK, rate:0, size:5
2025-11-14 02:16:24, EXEC, v:1, k:poo@array, mode:LOCK, rate:0
2025-11-14 02:23:38, MOVE, v:1, k:poo@array, mode:BACK
2025-11-14 02:23:51, MOVE, v:1, k:poo@array, mode:PICK
2025-11-14 02:23:52, EXEC, v:1, k:poo@array, mode:LOCK, rate:0
2025-11-14 02:24:40, EXEC, v:1, k:poo@array, mode:LOCK, rate:0
2025-11-14 02:24:40, EXEC, v:1, k:poo@array, mode:LOCK, rate:0
2025-11-14 02:25:36, EXEC, v:1, k:poo@array, mode:LOCK, rate:0, size:5
2025-11-14 02:27:01, EXEC, v:1, k:poo@array, mode:LOCK, rate:0, size:5
2025-11-14 02:27:23, EXEC, v:1, k:poo@array, mode:LOCK, rate:0, size:6
2025-11-14 02:27:29, EXEC, v:1, k:poo@array, mode:LOCK, rate:0, size:6
2025-11-14 02:28:23, EXEC, v:1, k:poo@array, mode:LOCK, rate:0
2025-11-14 02:29:55, MOVE, v:1, k:poo@array, mode:PICK
2025-11-14 02:29:56, EXEC, v:1, k:poo@array, mode:LOCK, rate:0
2025-11-14 02:34:37, EXEC, v:1, k:poo@array, mode:LOCK, rate:0, size:5
2025-11-14 02:34:39, EXEC, v:1, k:poo@array, mode:LOCK, rate:0
2025-11-14 02:34:40, MOVE, v:1, k:poo@array, mode:BACK
2025-11-14 02:36:23, SELF, v:1, k:poo@array, rate:100, iagen:gpt, alone:4, study:130
2025-11-14 02:36:27, MOVE, v:1, k:poo@array, mode:PICK
2025-11-14 02:36:29, EXEC, v:1, k:poo@array, mode:LOCK, rate:0
2025-11-14 02:41:09, EXEC, v:1, k:poo@array, mode:LOCK, rate:0
2025-11-14 02:41:24, EXEC, v:1, k:poo@array, mode:LOCK, rate:0, size:5
2025-11-14 02:41:25, EXEC, v:1, k:poo@array, mode:LOCK, rate:0
2025-11-14 02:41:40, EXEC, v:1, k:poo@array, mode:LOCK, rate:0, size:5
2025-11-14 02:41:47, EXEC, v:1, k:poo@array, mode:LOCK, rate:0, size:5
2025-11-14 02:41:56, EXEC, v:1, k:poo@array, mode:LOCK, rate:0, size:5
2025-11-14 02:45:30, EXEC, v:1, k:poo@array, mode:LOCK, rate:100, size:3
2025-11-14 02:45:41, EXEC, v:1, k:poo@array, mode:LOCK, rate:0, size:5
2025-11-14 02:45:49, EXEC, v:1, k:poo@array, mode:LOCK, rate:0, size:5
2025-11-14 02:46:00, EXEC, v:1, k:poo@array, mode:LOCK, rate:0, size:5
2025-11-14 02:46:04, EXEC, v:1, k:poo@array, mode:LOCK, rate:0
2025-11-14 02:46:07, EXEC, v:1, k:poo@array, mode:LOCK, rate:0
2025-11-14 02:46:09, EXEC, v:1, k:poo@array, mode:LOCK, rate:0
2025-11-14 02:46:11, EXEC, v:1, k:poo@array, mode:LOCK, rate:0
2025-11-14 02:46:14, EXEC, v:1, k:poo@array, mode:LOCK, rate:0
2025-11-14 02:46:20, EXEC, v:1, k:poo@array, mode:LOCK, rate:0
2025-11-14 02:46:23, EXEC, v:1, k:poo@array, mode:LOCK, rate:0
2025-11-14 02:46:23, EXEC, v:1, k:poo@array, mode:LOCK, rate:0
2025-11-14 02:46:23, EXEC, v:1, k:poo@array, mode:LOCK, rate:0
2025-11-14 02:46:23, EXEC, v:1, k:poo@array, mode:LOCK, rate:0
2025-11-14 02:46:24, EXEC, v:1, k:poo@array, mode:LOCK, rate:0
2025-11-14 02:46:24, EXEC, v:1, k:poo@array, mode:LOCK, rate:0
2025-11-14 02:46:24, EXEC, v:1, k:poo@array, mode:LOCK, rate:0
2025-11-14 02:46:24, EXEC, v:1, k:poo@array, mode:LOCK, rate:0
2025-11-14 02:46:24, EXEC, v:1, k:poo@array, mode:LOCK, rate:0
2025-11-14 02:46:24, EXEC, v:1, k:poo@array, mode:LOCK, rate:0
2025-11-14 02:46:24, EXEC, v:1, k:poo@array, mode:LOCK, rate:0
2025-11-14 02:46:24, EXEC, v:1, k:poo@array, mode:LOCK, rate:0
2025-11-14 02:46:25, EXEC, v:1, k:poo@array, mode:LOCK, rate:0
2025-11-14 02:46:26, EXEC, v:1, k:poo@array, mode:LOCK, rate:0
2025-11-14 02:46:27, EXEC, v:1, k:poo@array, mode:LOCK, rate:0
2025-11-14 02:46:27, EXEC, v:1, k:poo@array, mode:LOCK, rate:0
2025-11-14 02:46:27, EXEC, v:1, k:poo@array, mode:LOCK, rate:0
2025-11-14 02:46:27, EXEC, v:1, k:poo@array, mode:LOCK, rate:0
2025-11-14 02:46:27, EXEC, v:1, k:poo@array, mode:LOCK, rate:0
2025-11-14 02:46:27, EXEC, v:1, k:poo@array, mode:LOCK, rate:0
2025-11-14 02:46:27, EXEC, v:1, k:poo@array, mode:LOCK, rate:0
2025-11-14 02:46:27, EXEC, v:1, k:poo@array, mode:LOCK, rate:0
2025-11-14 02:46:27, EXEC, v:1, k:poo@array, mode:LOCK, rate:0
2025-11-14 02:46:27, EXEC, v:1, k:poo@array, mode:LOCK, rate:0
2025-11-14 02:46:27, EXEC, v:1, k:poo@array, mode:LOCK, rate:0
2025-11-14 02:46:27, EXEC, v:1, k:poo@array, mode:LOCK, rate:0
2025-11-14 02:46:27, EXEC, v:1, k:poo@array, mode:LOCK, rate:0
2025-11-14 02:46:27, EXEC, v:1, k:poo@array, mode:LOCK, rate:0
2025-11-14 02:46:29, MOVE, v:1, k:poo@array, mode:BACK
2025-11-14 02:47:19, MOVE, v:1, k:poo@array, mode:PICK
2025-11-14 02:47:20, EXEC, v:1, k:poo@array, mode:LOCK, rate:0
2025-11-14 02:48:08, EXEC, v:1, k:poo@array, mode:LOCK, rate:0, size:5
2025-11-14 02:48:17, EXEC, v:1, k:poo@array, mode:LOCK, rate:0, size:5
2025-11-14 02:48:47, EXEC, v:1, k:poo@array, mode:LOCK, rate:0, size:5
2025-11-14 02:48:48, EXEC, v:1, k:poo@array, mode:LOCK, rate:0
2025-11-14 02:48:52, EXEC, v:1, k:poo@array, mode:LOCK, rate:0
2025-11-14 02:49:02, EXEC, v:1, k:poo@array, mode:LOCK, rate:0, size:5
2025-11-14 02:49:14, EXEC, v:1, k:poo@array, mode:LOCK, rate:0, size:5
2025-11-14 02:50:13, EXEC, v:1, k:poo@array, mode:LOCK, rate:0, size:6
2025-11-14 02:50:19, EXEC, v:1, k:poo@array, mode:LOCK, rate:0, size:6
2025-11-14 02:50:25, EXEC, v:1, k:poo@array, mode:LOCK, rate:0, size:6
2025-11-14 02:50:27, EXEC, v:1, k:poo@array, mode:LOCK, rate:0
2025-11-14 02:50:27, EXEC, v:1, k:poo@array, mode:LOCK, rate:0
2025-11-14 02:50:28, EXEC, v:1, k:poo@array, mode:LOCK, rate:0
2025-11-14 02:50:29, EXEC, v:1, k:poo@array, mode:LOCK, rate:0
2025-11-14 02:50:29, EXEC, v:1, k:poo@array, mode:LOCK, rate:0
2025-11-14 02:50:30, EXEC, v:1, k:poo@array, mode:LOCK, rate:0
2025-11-14 02:50:31, EXEC, v:1, k:poo@array, mode:LOCK, rate:0
2025-11-14 02:50:31, EXEC, v:1, k:poo@array, mode:LOCK, rate:0
2025-11-14 02:53:54, EXEC, v:1, k:poo@array, mode:LOCK, rate:0, size:5
2025-11-14 02:53:58, EXEC, v:1, k:poo@array, mode:LOCK, rate:0
2025-11-14 02:54:06, EXEC, v:1, k:poo@array, mode:LOCK, rate:0, size:5
2025-11-14 02:54:13, EXEC, v:1, k:poo@array, mode:LOCK, rate:0, size:5
2025-11-14 02:55:51, EXEC, v:1, k:poo@array, mode:LOCK, rate:0, size:5
2025-11-14 02:56:01, EXEC, v:1, k:poo@array, mode:LOCK, rate:0, size:5
2025-11-14 02:56:12, EXEC, v:1, k:poo@array, mode:LOCK, rate:0, size:5
2025-11-14 02:56:22, EXEC, v:1, k:poo@array, mode:LOCK, rate:0
2025-11-14 02:56:23, EXEC, v:1, k:poo@array, mode:LOCK, rate:0, size:5
2025-11-14 02:56:28, EXEC, v:1, k:poo@array, mode:LOCK, rate:0, size:5
2025-11-14 02:56:29, EXEC, v:1, k:poo@array, mode:LOCK, rate:0
2025-11-14 02:56:29, EXEC, v:1, k:poo@array, mode:LOCK, rate:0
2025-11-14 02:56:45, EXEC, v:1, k:poo@array, mode:LOCK, rate:0, size:5
2025-11-14 02:56:47, EXEC, v:1, k:poo@array, mode:LOCK, rate:0
2025-11-14 02:56:52, EXEC, v:1, k:poo@array, mode:LOCK, rate:0, size:5
2025-11-14 02:57:01, EXEC, v:1, k:poo@array, mode:LOCK, rate:0, size:5
2025-11-14 03:01:44, EXEC, v:1, k:poo@array, mode:LOCK, rate:0, size:4
2025-11-14 03:02:00, EXEC, v:1, k:poo@array, mode:LOCK, rate:0
2025-11-14 03:02:51, EXEC, v:1, k:poo@array, mode:LOCK, rate:0, size:5
2025-11-14 03:03:08, EXEC, v:1, k:poo@array, mode:LOCK, rate:0, size:7
2025-11-14 03:04:07, EXEC, v:1, k:poo@array, mode:LOCK, rate:0, size:7
2025-11-14 03:04:16, EXEC, v:1, k:poo@array, mode:LOCK, rate:0, size:7
2025-11-14 03:04:22, EXEC, v:1, k:poo@array, mode:LOCK, rate:0, size:7
2025-11-14 03:04:52, EXEC, v:1, k:poo@array, mode:LOCK, rate:0, size:6
2025-11-14 03:05:11, EXEC, v:1, k:poo@array, mode:LOCK, rate:0, size:6
2025-11-14 03:05:17, EXEC, v:1, k:poo@array, mode:LOCK, rate:0, size:6
2025-11-14 03:05:30, EXEC, v:1, k:poo@array, mode:LOCK, rate:0, size:6
2025-11-14 03:05:31, EXEC, v:1, k:poo@array, mode:LOCK, rate:0
2025-11-14 03:08:07, EXEC, v:1, k:poo@array, mode:LOCK, rate:0, size:4
2025-11-14 03:22:11, MOVE, v:1, k:poo@array, mode:BACK
2025-11-14 03:22:39, MOVE, v:1, k:poo@array, mode:PICK
2025-11-14 03:22:39, EXEC, v:1, k:poo@array, mode:LOCK, rate:0
2025-11-14 03:27:26, EXEC, v:1, k:poo@array, mode:LOCK, rate:0, size:11
2025-11-14 03:27:37, EXEC, v:1, k:poo@array, mode:LOCK, rate:0, size:11
2025-11-14 03:28:38, MOVE, v:1, k:poo@array, mode:BACK
2025-11-14 03:37:12, MOVE, v:1, k:poo@array, mode:PICK
2025-11-14 03:37:14, EXEC, v:1, k:poo@array, mode:LOCK, rate:0
2025-11-14 03:39:05, MOVE, v:1, k:poo@array, mode:BACK
2025-11-14 14:18:53, MOVE, v:1, k:poo@array, mode:PICK
2025-11-14 14:18:53, EXEC, v:1, k:poo@array, mode:LOCK, rate:0
2025-11-14 14:44:13, MOVE, v:1, k:poo@array, mode:BACK
2025-11-14 14:44:23, MOVE, v:1, k:poo@array, mode:PICK
2025-11-14 14:44:24, EXEC, v:1, k:poo@array, mode:LOCK, rate:0
2025-11-14 14:44:24, MOVE, v:1, k:poo@array, mode:BACK
2025-11-14 14:44:28, MOVE, v:1, k:poo@array, mode:PICK
2025-11-14 14:44:29, EXEC, v:1, k:poo@array, mode:LOCK, rate:0
2025-11-14 15:12:34, MOVE, v:1, k:poo@array, mode:BACK
2025-11-14 15:12:36, MOVE, v:1, k:poo@array, mode:PICK
2025-11-14 15:12:37, MOVE, v:1, k:poo@array, mode:BACK
2025-11-14 15:12:37, MOVE, v:1, k:poo@array, mode:PICK
2025-11-14 15:12:38, EXEC, v:1, k:poo@array, mode:LOCK, rate:0
2025-11-14 15:12:38, MOVE, v:1, k:poo@array, mode:BACK
